<?xml version="1.0" encoding="UTF-8"?>
<!-- Generated by org.testng.reporters.JUnitReportReporter -->
<testsuite hostname="DESKTOP-CL5KIK8" failures="0" tests="1" name="socialMedia.launchGoogle_Test" time="17.460" errors="0" timestamp="2024-03-25T23:33:02 EDT" skipped="0">
  <testcase classname="socialMedia.launchGoogle_Test" name="google" time="17.460"/>
  <system-out/>
</testsuite> <!-- socialMedia.launchGoogle_Test -->
