<?xml version="1.0" encoding="UTF-8"?>
<!-- Generated by org.testng.reporters.JUnitReportReporter -->
<testsuite hostname="DESKTOP-CL5KIK8" failures="0" tests="1" name="beauty.launchLoreal_Test" time="15.387" errors="0" timestamp="2024-03-25T23:31:11 EDT" skipped="0">
  <testcase classname="beauty.launchLoreal_Test" name="loreal" time="15.387"/>
  <system-out/>
</testsuite> <!-- beauty.launchLoreal_Test -->
