<?xml version="1.0" encoding="UTF-8"?>
<!-- Generated by org.testng.reporters.JUnitReportReporter -->
<testsuite hostname="DESKTOP-CL5KIK8" failures="0" tests="1" name="beauty.launchSugar_Test" time="21.786" errors="0" timestamp="2024-03-25T23:17:47 EDT" skipped="0">
  <testcase classname="beauty.launchSugar_Test" name="Sugar" time="21.786"/>
  <system-out/>
</testsuite> <!-- beauty.launchSugar_Test -->
