<?xml version="1.0" encoding="UTF-8"?>
<!-- Generated by org.testng.reporters.JUnitReportReporter -->
<testsuite hostname="DESKTOP-CL5KIK8" failures="0" tests="1" name="food.launchSwiggy_Test" time="10.002" errors="0" timestamp="2024-03-25T11:15:26 EDT" skipped="0">
  <testcase classname="food.launchSwiggy_Test" name="Swiggy" time="10.002"/>
  <system-out/>
</testsuite> <!-- food.launchSwiggy_Test -->
