<?xml version="1.0" encoding="UTF-8"?>
<!-- Generated by org.testng.reporters.JUnitReportReporter -->
<testsuite hostname="DESKTOP-CL5KIK8" failures="0" tests="1" name="travel.launchMakeMyTrip_Test" time="9.971" errors="0" timestamp="2024-03-25T11:12:25 EDT" skipped="0">
  <testcase classname="travel.launchMakeMyTrip_Test" name="Makemytrip" time="9.971"/>
  <system-out/>
</testsuite> <!-- travel.launchMakeMyTrip_Test -->
